Traceback (most recent call last):
  File "/Library/Frameworks/Python.framework/Versions/3.7/lib/python3.7/site-packages/jupyter_cache/executors/utils.py", line 64, in single_nb_execution
    **kwargs,
  File "/Library/Frameworks/Python.framework/Versions/3.7/lib/python3.7/site-packages/nbclient/client.py", line 1112, in execute
    return NotebookClient(nb=nb, resources=resources, km=km, **kwargs).execute()
  File "/Library/Frameworks/Python.framework/Versions/3.7/lib/python3.7/site-packages/nbclient/util.py", line 74, in wrapped
    return just_run(coro(*args, **kwargs))
  File "/Library/Frameworks/Python.framework/Versions/3.7/lib/python3.7/site-packages/nbclient/util.py", line 53, in just_run
    return loop.run_until_complete(coro)
  File "/Library/Frameworks/Python.framework/Versions/3.7/lib/python3.7/asyncio/base_events.py", line 587, in run_until_complete
    return future.result()
  File "/Library/Frameworks/Python.framework/Versions/3.7/lib/python3.7/site-packages/nbclient/client.py", line 554, in async_execute
    cell, index, execution_count=self.code_cells_executed + 1
  File "/Library/Frameworks/Python.framework/Versions/3.7/lib/python3.7/site-packages/nbclient/client.py", line 857, in async_execute_cell
    self._check_raise_for_error(cell, exec_reply)
  File "/Library/Frameworks/Python.framework/Versions/3.7/lib/python3.7/site-packages/nbclient/client.py", line 760, in _check_raise_for_error
    raise CellExecutionError.from_cell_and_msg(cell, exec_reply_content)
nbclient.exceptions.CellExecutionError: An error occurred while executing the following cell:
------------------
import numpy as np
import pandas as pd
import matplotlib.pyplot as plt
import matplotlib.colors as mcolors
import matplotlib.cm as cm
plt.style.use('bmh')

def butterfly_payoff(s, k1, k2, k3, k4):
    payoff = np.maximum(0, s-k1) - np.maximum(0, s-k2) - np.maximum(0,s-k3) + np.maximum(0,s-k4)
#     payoff = np.maximum(0,s-k2)
    return payoff

k1 = 50
k2 = 60
k3 = 140
k4 = 150



x = np.linspace(0, 200, 300)
y = butterfly_payoff(x, k1, k2, k3, k4)

_ = plt.figure(figsize=(10,6))
plt.plot(x,y)
plt.title('Butterfly payoff')
# plt.ylim(-1,50)

p1 = bs_formula(100, k1, r, q, sigma, T, option='call')
p2 = bs_formula(100, k2, r, q, sigma, T, option='call')
p3 = bs_formula(100, k3, r, q, sigma, T, option='call')
p4 = bs_formula(100, k4, r, q, sigma, T, option='call')

print(p1 - p2 - p3 + p4) # 9.075999179678641
------------------

[0;31m---------------------------------------------------------------------------[0m
[0;31mNameError[0m                                 Traceback (most recent call last)
[0;32m<ipython-input-2-0a86edf08cf1>[0m in [0;36m<module>[0;34m[0m
[1;32m     26[0m [0;31m# plt.ylim(-1,50)[0m[0;34m[0m[0;34m[0m[0;34m[0m[0m
[1;32m     27[0m [0;34m[0m[0m
[0;32m---> 28[0;31m [0mp1[0m [0;34m=[0m [0mbs_formula[0m[0;34m([0m[0;36m100[0m[0;34m,[0m [0mk1[0m[0;34m,[0m [0mr[0m[0;34m,[0m [0mq[0m[0;34m,[0m [0msigma[0m[0;34m,[0m [0mT[0m[0;34m,[0m [0moption[0m[0;34m=[0m[0;34m'call'[0m[0;34m)[0m[0;34m[0m[0;34m[0m[0m
[0m[1;32m     29[0m [0mp2[0m [0;34m=[0m [0mbs_formula[0m[0;34m([0m[0;36m100[0m[0;34m,[0m [0mk2[0m[0;34m,[0m [0mr[0m[0;34m,[0m [0mq[0m[0;34m,[0m [0msigma[0m[0;34m,[0m [0mT[0m[0;34m,[0m [0moption[0m[0;34m=[0m[0;34m'call'[0m[0;34m)[0m[0;34m[0m[0;34m[0m[0m
[1;32m     30[0m [0mp3[0m [0;34m=[0m [0mbs_formula[0m[0;34m([0m[0;36m100[0m[0;34m,[0m [0mk3[0m[0;34m,[0m [0mr[0m[0;34m,[0m [0mq[0m[0;34m,[0m [0msigma[0m[0;34m,[0m [0mT[0m[0;34m,[0m [0moption[0m[0;34m=[0m[0;34m'call'[0m[0;34m)[0m[0;34m[0m[0;34m[0m[0m

[0;31mNameError[0m: name 'r' is not defined
NameError: name 'r' is not defined

